#
# There is insufficient memory for the Java Runtime Environment to continue.
# Native memory allocation (mmap) failed to map 134217728 bytes for G1 virtual space
# Possible reasons:
#   The system is out of physical RAM or swap space
#   The process is running with CompressedOops enabled, and the Java Heap may be blocking the growth of the native heap
# Possible solutions:
#   Reduce memory load on the system
#   Increase physical memory or swap space
#   Check if swap backing store is full
#   Decrease Java heap size (-Xmx/-Xms)
#   Decrease number of Java threads
#   Decrease Java thread stack sizes (-Xss)
#   Set larger code cache with -XX:ReservedCodeCacheSize=
#   JVM is running with Unscaled Compressed Oops mode in which the Java heap is
#     placed in the first 4GB address space. The Java Heap base address is the
#     maximum limit for the native heap growth. Please use -XX:HeapBaseMinAddress
#     to set the Java Heap base and to place the Java Heap above 4GB virtual address.
# This output file may be truncated or incomplete.
#
#  Out of Memory Error (os_windows.cpp:3466), pid=13668, tid=7196
#
# JRE version:  (16.0.2+7) (build )
# Java VM: OpenJDK 64-Bit Server VM (16.0.2+7-67, mixed mode, sharing, tiered, compressed oops, compressed class ptrs, g1 gc, windows-amd64)
# No core dump will be written. Minidumps are not enabled by default on client versions of Windows
#

---------------  S U M M A R Y ------------

Command Line: -Dfile.encoding=Cp1252 -XX:+ShowCodeDetailsInExceptionMessages Main.Main

Host: Intel(R) Core(TM) i3-5005U CPU @ 2.00GHz, 4 cores, 7G,  Windows 10 , 64 bit Build 19041 (10.0.19041.5794)
Time: Fri Jun  6 12:27:23 2025 Hora estándar central (México) elapsed time: 0.038191 seconds (0d 0h 0m 0s)

---------------  T H R E A D  ---------------

Current thread (0x0000015ea5023e40):  JavaThread "Unknown thread" [_thread_in_vm, id=7196, stack(0x0000003493900000,0x0000003493a00000)]

Stack: [0x0000003493900000,0x0000003493a00000]
Native frames: (J=compiled Java code, j=interpreted, Vv=VM code, C=native code)
V  [jvm.dll+0x6681ca]
V  [jvm.dll+0x7c9e69]
V  [jvm.dll+0x7cb61e]
V  [jvm.dll+0x7cbc73]
V  [jvm.dll+0x242c55]
V  [jvm.dll+0x664f89]
V  [jvm.dll+0x659b75]
V  [jvm.dll+0x2fbfbb]
V  [jvm.dll+0x3031b6]
V  [jvm.dll+0x35299e]
V  [jvm.dll+0x352bcf]
V  [jvm.dll+0x2d3028]
V  [jvm.dll+0x2d4264]
V  [jvm.dll+0x79c741]
V  [jvm.dll+0x360791]
V  [jvm.dll+0x77a3f0]
V  [jvm.dll+0x3e4e8f]
V  [jvm.dll+0x3e6961]
C  [jli.dll+0x52fb]
C  [ucrtbase.dll+0x21bb2]
C  [KERNEL32.DLL+0x17374]
C  [ntdll.dll+0x4cc91]


---------------  P R O C E S S  ---------------

Threads class SMR info:
_java_thread_list=0x00007ff915f5cbb8, length=0, elements={
}

Java Threads: ( => current thread )

Other Threads:
  0x0000015ea5063570 GCTaskThread "GC Thread#0" [stack: 0x0000003493a00000,0x0000003493b00000] [id=14700]
  0x0000015ea5074430 ConcurrentGCThread "G1 Main Marker" [stack: 0x0000003493b00000,0x0000003493c00000] [id=28988]
  0x0000015ea5074f20 ConcurrentGCThread "G1 Conc#0" [stack: 0x0000003493c00000,0x0000003493d00000] [id=8464]

[error occurred during error reporting (printing all threads), id 0xc0000005, EXCEPTION_ACCESS_VIOLATION (0xc0000005) at pc=0x00007ff915733ee7]

VM state: not at safepoint (not fully initialized)

VM Mutex/Monitor currently owned by a thread:  ([mutex/lock_event])
[0x0000015ea5020370] Heap_lock - owner thread: 0x0000015ea5023e40

Heap address: 0x0000000081400000, size: 2028 MB, Compressed Oops mode: 32-bit

CDS archive(s) mapped at: [0x0000000000000000-0x0000000000000000-0x0000000000000000), size 0, SharedBaseAddress: 0x0000000800000000, ArchiveRelocationMode: 0.
Narrow klass base: 0x0000000000000000, Narrow klass shift: 0, Narrow klass range: 0x0

GC Precious Log:
<Empty>

Heap:
 garbage-first heap   total 0K, used 0K [0x0000000081400000, 0x0000000100000000)
  region size 1024K, 0 young (0K), 0 survivors (0K)

[error occurred during error reporting (printing heap information), id 0xc0000005, EXCEPTION_ACCESS_VIOLATION (0xc0000005) at pc=0x00007ff915b11eed]

GC Heap History (0 events):
No events

Deoptimization events (0 events):
No events

Classes unloaded (0 events):
No events

Classes redefined (0 events):
No events

Internal exceptions (0 events):
No events

Events (1 events):
Event: 0.023 Loaded shared library C:\Users\HP\Desktop\Curso_Proyectos_JLRecluit\Tecnologias\eclipse\plugins\org.eclipse.justj.openjdk.hotspot.jre.full.win32.x86_64_16.0.2.v20210721-1149\jre\bin\java.dll


Dynamic libraries:
0x00007ff6e2a70000 - 0x00007ff6e2a7e000 	C:\Users\HP\Desktop\Curso_Proyectos_JLRecluit\Tecnologias\eclipse\plugins\org.eclipse.justj.openjdk.hotspot.jre.full.win32.x86_64_16.0.2.v20210721-1149\jre\bin\javaw.exe
0x00007ff952cf0000 - 0x00007ff952ee8000 	C:\WINDOWS\SYSTEM32\ntdll.dll
0x00007ff9521d0000 - 0x00007ff952292000 	C:\WINDOWS\System32\KERNEL32.DLL
0x00007ff950750000 - 0x00007ff950a46000 	C:\WINDOWS\System32\KERNELBASE.dll
0x00007ff950a50000 - 0x00007ff950b50000 	C:\WINDOWS\System32\ucrtbase.dll
0x00007ff935560000 - 0x00007ff935578000 	C:\Users\HP\Desktop\Curso_Proyectos_JLRecluit\Tecnologias\eclipse\plugins\org.eclipse.justj.openjdk.hotspot.jre.full.win32.x86_64_16.0.2.v20210721-1149\jre\bin\jli.dll
0x00007ff9529a0000 - 0x00007ff952b3d000 	C:\WINDOWS\System32\USER32.dll
0x00007ff950360000 - 0x00007ff950382000 	C:\WINDOWS\System32\win32u.dll
0x00007ff952850000 - 0x00007ff95287b000 	C:\WINDOWS\System32\GDI32.dll
0x00007ff950420000 - 0x00007ff95053a000 	C:\WINDOWS\System32\gdi32full.dll
0x00007ff950bd0000 - 0x00007ff950c6d000 	C:\WINDOWS\System32\msvcp_win.dll
0x00007ff9404e0000 - 0x00007ff9404f9000 	C:\Users\HP\Desktop\Curso_Proyectos_JLRecluit\Tecnologias\eclipse\plugins\org.eclipse.justj.openjdk.hotspot.jre.full.win32.x86_64_16.0.2.v20210721-1149\jre\bin\VCRUNTIME140.dll
0x00007ff943770000 - 0x00007ff943a0a000 	C:\WINDOWS\WinSxS\amd64_microsoft.windows.common-controls_6595b64144ccf1df_6.0.19041.5794_none_60bcd33171f2783c\COMCTL32.dll
0x00007ff951cd0000 - 0x00007ff951d6e000 	C:\WINDOWS\System32\msvcrt.dll
0x00007ff952970000 - 0x00007ff95299f000 	C:\WINDOWS\System32\IMM32.DLL
0x00007ff9443d0000 - 0x00007ff9443dc000 	C:\Users\HP\Desktop\Curso_Proyectos_JLRecluit\Tecnologias\eclipse\plugins\org.eclipse.justj.openjdk.hotspot.jre.full.win32.x86_64_16.0.2.v20210721-1149\jre\bin\vcruntime140_1.dll
0x00007ff930080000 - 0x00007ff930111000 	C:\Users\HP\Desktop\Curso_Proyectos_JLRecluit\Tecnologias\eclipse\plugins\org.eclipse.justj.openjdk.hotspot.jre.full.win32.x86_64_16.0.2.v20210721-1149\jre\bin\msvcp140.dll
0x00007ff915450000 - 0x00007ff915ffb000 	C:\Users\HP\Desktop\Curso_Proyectos_JLRecluit\Tecnologias\eclipse\plugins\org.eclipse.justj.openjdk.hotspot.jre.full.win32.x86_64_16.0.2.v20210721-1149\jre\bin\server\jvm.dll
0x00007ff951f20000 - 0x00007ff951fcf000 	C:\WINDOWS\System32\ADVAPI32.dll
0x00007ff951460000 - 0x00007ff9514ff000 	C:\WINDOWS\System32\sechost.dll
0x00007ff9522a0000 - 0x00007ff9523c3000 	C:\WINDOWS\System32\RPCRT4.dll
0x00007ff950ba0000 - 0x00007ff950bc7000 	C:\WINDOWS\System32\bcrypt.dll
0x00007ff952960000 - 0x00007ff952968000 	C:\WINDOWS\System32\PSAPI.DLL
0x00007ff94e270000 - 0x00007ff94e279000 	C:\WINDOWS\SYSTEM32\WSOCK32.dll
0x00007ff952890000 - 0x00007ff9528fb000 	C:\WINDOWS\System32\WS2_32.dll
0x00007ff943c10000 - 0x00007ff943c37000 	C:\WINDOWS\SYSTEM32\WINMM.dll
0x00007ff943a50000 - 0x00007ff943a5a000 	C:\WINDOWS\SYSTEM32\VERSION.dll
0x00007ff94eb40000 - 0x00007ff94eb52000 	C:\WINDOWS\SYSTEM32\kernel.appcore.dll
0x00007ff94b160000 - 0x00007ff94b16a000 	C:\Users\HP\Desktop\Curso_Proyectos_JLRecluit\Tecnologias\eclipse\plugins\org.eclipse.justj.openjdk.hotspot.jre.full.win32.x86_64_16.0.2.v20210721-1149\jre\bin\jimage.dll
0x00007ff94e040000 - 0x00007ff94e241000 	C:\WINDOWS\SYSTEM32\DBGHELP.DLL
0x00007ff940d70000 - 0x00007ff940da4000 	C:\WINDOWS\SYSTEM32\dbgcore.DLL
0x00007ff950390000 - 0x00007ff950412000 	C:\WINDOWS\System32\bcryptPrimitives.dll
0x00007ff944370000 - 0x00007ff944395000 	C:\Users\HP\Desktop\Curso_Proyectos_JLRecluit\Tecnologias\eclipse\plugins\org.eclipse.justj.openjdk.hotspot.jre.full.win32.x86_64_16.0.2.v20210721-1149\jre\bin\java.dll

dbghelp: loaded successfully - version: 4.0.5 - missing functions: none
symbol engine: initialized successfully - sym options: 0x614 - pdb path: .;C:\Users\HP\Desktop\Curso_Proyectos_JLRecluit\Tecnologias\eclipse\plugins\org.eclipse.justj.openjdk.hotspot.jre.full.win32.x86_64_16.0.2.v20210721-1149\jre\bin;C:\WINDOWS\SYSTEM32;C:\WINDOWS\WinSxS\amd64_microsoft.windows.common-controls_6595b64144ccf1df_6.0.19041.5794_none_60bcd33171f2783c;C:\Users\HP\Desktop\Curso_Proyectos_JLRecluit\Tecnologias\eclipse\plugins\org.eclipse.justj.openjdk.hotspot.jre.full.win32.x86_64_16.0.2.v20210721-1149\jre\bin\server

VM Arguments:
jvm_args: -Dfile.encoding=Cp1252 -XX:+ShowCodeDetailsInExceptionMessages 
java_command: Main.Main
java_class_path (initial): C:\Users\HP\Desktop\Curso_Proyectos_JLRecluit\Proyectos_Poo\Biblioteca\bin
Launcher Type: SUN_STANDARD

[Global flags]
     intx CICompilerCount                          = 3                                         {product} {ergonomic}
     uint ConcGCThreads                            = 1                                         {product} {ergonomic}
     uint G1ConcRefinementThreads                  = 4                                         {product} {ergonomic}
   size_t G1HeapRegionSize                         = 1048576                                   {product} {ergonomic}
    uintx GCDrainStackTargetSize                   = 64                                        {product} {ergonomic}
   size_t InitialHeapSize                          = 134217728                                 {product} {ergonomic}
   size_t MarkStackSize                            = 4194304                                   {product} {ergonomic}
   size_t MaxHeapSize                              = 2126512128                                {product} {ergonomic}
   size_t MinHeapDeltaBytes                        = 1048576                                   {product} {ergonomic}
   size_t MinHeapSize                              = 8388608                                   {product} {ergonomic}
    uintx NonNMethodCodeHeapSize                   = 5832780                                {pd product} {ergonomic}
    uintx NonProfiledCodeHeapSize                  = 122912730                              {pd product} {ergonomic}
    uintx ProfiledCodeHeapSize                     = 122912730                              {pd product} {ergonomic}
    uintx ReservedCodeCacheSize                    = 251658240                              {pd product} {ergonomic}
     bool SegmentedCodeCache                       = true                                      {product} {ergonomic}
     bool ShowCodeDetailsInExceptionMessages       = true                                   {manageable} {command line}
   size_t SoftMaxHeapSize                          = 2126512128                             {manageable} {ergonomic}
     bool UseCompressedClassPointers               = true                           {product lp64_product} {ergonomic}
     bool UseCompressedOops                        = true                           {product lp64_product} {ergonomic}
     bool UseG1GC                                  = true                                      {product} {ergonomic}
     bool UseLargePagesIndividualAllocation        = false                                  {pd product} {ergonomic}

Logging:
Log output configuration:
 #0: stdout all=warning uptime,level,tags
 #1: stderr all=off uptime,level,tags

Environment Variables:
JAVA_HOME=C:\Users\HP\Desktop\java\jdk-23.0.1
PATH=C:/Users/HP/Desktop/Curso_Proyectos_JLRecluit/Tecnologias/eclipse//plugins/org.eclipse.justj.openjdk.hotspot.jre.full.win32.x86_64_16.0.2.v20210721-1149/jre/bin/server;C:/Users/HP/Desktop/Curso_Proyectos_JLRecluit/Tecnologias/eclipse//plugins/org.eclipse.justj.openjdk.hotspot.jre.full.win32.x86_64_16.0.2.v20210721-1149/jre/bin;C:\Program Files\Broadcom\Broadcom 802.11 Network Adapter;C:\Program Files (x86)\Intel\iCLS Client\;C:\Program Files\Intel\iCLS Client\;C:\WINDOWS\system32;C:\WINDOWS;C:\WINDOWS\System32\Wbem;C:\WINDOWS\System32\WindowsPowerShell\v1.0\;C:\Program Files (x86)\Intel\Intel(R) Management Engine Components\DAL;C:\Program Files\Intel\Intel(R) Management Engine Components\DAL;C:\Program Files (x86)\Intel\Intel(R) Management Engine Components\IPT;C:\Program Files\Intel\Intel(R) Management Engine Components\IPT;C:\WINDOWS\System32\OpenSSH\;C:\Program Files (x86)\dotnet\;C:\Users\HP\Desktop\java\jdk-23.0.1\bin;C:\Program Files (x86)\SPFLite3;C:\Program Files\nodejs\;C:\Program Files\Git\cmd;C:\Program Files\Docker\Docker\resources\bin;C:\Users\HP\Desktop\java\jdk-23.0.1\bin;C:\Users\HP\AppData\Roaming\npm;C:\Users\HP\AppData\Local\Programs\Microsoft VS Code\bin;C:\Users\HP\Desktop\Curso_Proyectos_JLRecluit\Tecnologias\eclipse;
USERNAME=HP
OS=Windows_NT
PROCESSOR_IDENTIFIER=Intel64 Family 6 Model 61 Stepping 4, GenuineIntel



---------------  S Y S T E M  ---------------

OS:
 Windows 10 , 64 bit Build 19041 (10.0.19041.5794)
OS uptime: 2 days 17:38 hours
Hyper-V role detected

CPU: total 4 (initial active 4) (2 cores per cpu, 2 threads per core) family 6 model 61 stepping 4 microcode 0x2d, cx8, cmov, fxsr, ht, mmx, 3dnowpref, sse, sse2, sse3, ssse3, sse4.1, sse4.2, popcnt, lzcnt, tsc, tscinvbit, avx, avx2, aes, erms, clmul, bmi1, bmi2, adx, fma, vzeroupper, clflush, hv

Memory: 4k page, system-wide physical 8107M (1000M free)
TotalPageFile size 22245M (AvailPageFile size 86M)
current process WorkingSet (physical memory assigned to process): 10M, peak: 10M
current process commit charge ("private bytes"): 51M, peak: 179M

vm_info: OpenJDK 64-Bit Server VM (16.0.2+7-67) for windows-amd64 JRE (16.0.2+7-67), built on Jun  8 2021 23:21:43 by "mach5one" with MS VC++ 16.7 (VS2019)

END.
